2023-09-25 18:11:24,545 CRIT Supervisor is running as root.  Privileges were not dropped because no user is specified in the config file.  If you intend to run as root, you can set user=root in the config file to avoid this message.
2023-09-25 18:11:24,592 INFO supervisord started with pid 1
2023-09-25 18:11:25,620 INFO spawned: 'nginx' with pid 7
2023-09-25 18:11:25,631 INFO spawned: 'php-fpm' with pid 8
2023-09-25 18:11:27,534 INFO success: nginx entered RUNNING state, process has stayed up for > than 1 seconds (startsecs)
2023-09-25 18:11:27,607 INFO success: php-fpm entered RUNNING state, process has stayed up for > than 1 seconds (startsecs)
2023-09-25 18:14:21,707 WARN received SIGTERM indicating exit request
2023-09-25 18:14:21,851 INFO waiting for nginx, php-fpm to die
2023-09-25 18:14:22,662 INFO stopped: php-fpm (exit status 0)
2023-09-25 18:14:22,807 INFO stopped: nginx (exit status 0)
2023-09-25 18:24:44,875 CRIT Supervisor is running as root.  Privileges were not dropped because no user is specified in the config file.  If you intend to run as root, you can set user=root in the config file to avoid this message.
2023-09-25 18:24:44,910 INFO supervisord started with pid 1
2023-09-25 18:24:45,939 INFO spawned: 'nginx' with pid 7
2023-09-25 18:24:45,955 INFO spawned: 'php-fpm' with pid 8
2023-09-25 18:24:47,063 INFO success: nginx entered RUNNING state, process has stayed up for > than 1 seconds (startsecs)
2023-09-25 18:24:47,123 INFO success: php-fpm entered RUNNING state, process has stayed up for > than 1 seconds (startsecs)
2023-09-25 18:25:45,438 CRIT Supervisor is running as root.  Privileges were not dropped because no user is specified in the config file.  If you intend to run as root, you can set user=root in the config file to avoid this message.
2023-09-25 18:25:45,488 INFO supervisord started with pid 1
2023-09-25 18:25:46,545 INFO spawned: 'nginx' with pid 6
2023-09-25 18:25:46,562 INFO spawned: 'php-fpm' with pid 7
2023-09-25 18:25:48,346 INFO success: nginx entered RUNNING state, process has stayed up for > than 1 seconds (startsecs)
2023-09-25 18:25:48,377 INFO success: php-fpm entered RUNNING state, process has stayed up for > than 1 seconds (startsecs)
2023-09-25 18:28:28,425 INFO reaped unknown pid 278 (exit status 0)
2023-09-25 18:48:27,762 WARN received SIGTERM indicating exit request
2023-09-25 18:48:27,831 INFO waiting for nginx, php-fpm to die
2023-09-25 18:48:28,710 INFO stopped: php-fpm (exit status 0)
2023-09-25 18:48:28,843 INFO stopped: nginx (exit status 0)
2023-09-25 18:49:14,334 CRIT Supervisor is running as root.  Privileges were not dropped because no user is specified in the config file.  If you intend to run as root, you can set user=root in the config file to avoid this message.
2023-09-25 18:49:14,376 INFO supervisord started with pid 1
2023-09-25 18:49:15,397 INFO spawned: 'nginx' with pid 6
2023-09-25 18:49:15,444 INFO spawned: 'php-fpm' with pid 7
2023-09-25 18:49:16,482 INFO success: nginx entered RUNNING state, process has stayed up for > than 1 seconds (startsecs)
2023-09-25 18:49:16,517 INFO success: php-fpm entered RUNNING state, process has stayed up for > than 1 seconds (startsecs)
2023-09-25 18:51:32,625 INFO reaped unknown pid 30 (exit status 0)
2023-09-26 04:15:44,868 WARN received SIGTERM indicating exit request
2023-09-26 04:15:45,047 INFO waiting for nginx, php-fpm to die
2023-09-26 04:15:45,811 INFO stopped: php-fpm (exit status 0)
2023-09-26 04:15:45,974 INFO stopped: nginx (exit status 0)
